<?xml version="1.0" encoding="UTF-8"?>
<!-- Generated by org.testng.reporters.JUnitReportReporter -->
<testsuite skipped="0" hostname="DESKTOP-OHEAHH8" name="testPages.LoginTest" tests="1" failures="0" timestamp="16 May 2018 04:11:51 GMT" time="17.275" errors="0">
  <testcase name="titlTest" time="17.275" classname="testPages.LoginTest"/>
</testsuite> <!-- testPages.LoginTest -->
